[     285ms] [WARNING] NG0913: An image with src https://nedgtdal2.blob.core.windows.net/assets/branding/logo-v2.png has intrinsic file dimensions much larger than its rendered size. This can negatively impact application loading performance. For more information about addressing or disabling this warning, see https://angular.dev/errors/NG0913. Find more at https://v21.angular.dev/errors/NG0913 @ http://localhost:4300/@fs/Users/yasserahmed/Desktop/Development%20Projects/CRM-Enterprise/client/.angular/cache/21.0.5/CRM-Enterprise/vite/deps/chunk-LTDICTSD.js?v=45073e84:20113
[    4834ms] [ERROR] Access to fetch at 'http://localhost:5014/api/hubs/presence/negotiate?negotiateVersion=1' from origin 'http://localhost:4300' has been blocked by CORS policy: Response to preflight request doesn't pass access control check: No 'Access-Control-Allow-Origin' header is present on the requested resource. @ http://localhost:4300/login?redirectTo=%2Fapp%2Fdashboard:0
[    4835ms] [ERROR] Failed to load resource: net::ERR_FAILED @ http://localhost:5014/api/hubs/presence/negotiate?negotiateVersion=1:0
[    4835ms] [ERROR] [2026-02-24T17:51:00.595Z] Error: Failed to complete negotiation with the server: TypeError: Failed to fetch @ http://localhost:4300/@fs/Users/yasserahmed/Desktop/Development%20Projects/CRM-Enterprise/client/.angular/cache/21.0.5/CRM-Enterprise/vite/deps/@microsoft_signalr.js?v=45073e84:293
[    4835ms] [ERROR] [2026-02-24T17:51:00.595Z] Error: Failed to start the connection: Error: Failed to complete negotiation with the server: TypeError: Failed to fetch @ http://localhost:4300/@fs/Users/yasserahmed/Desktop/Development%20Projects/CRM-Enterprise/client/.angular/cache/21.0.5/CRM-Enterprise/vite/deps/@microsoft_signalr.js?v=45073e84:293
[    5033ms] [ERROR] Access to XMLHttpRequest at 'http://localhost:5014/api/tenant-context' from origin 'http://localhost:4300' has been blocked by CORS policy: Response to preflight request doesn't pass access control check: No 'Access-Control-Allow-Origin' header is present on the requested resource. @ http://localhost:4300/app/dashboard:0
[    5033ms] [ERROR] Failed to load resource: net::ERR_FAILED @ http://localhost:5014/api/tenant-context:0
[    5033ms] [ERROR] Access to XMLHttpRequest at 'http://localhost:5014/api/assistant/insights' from origin 'http://localhost:4300' has been blocked by CORS policy: Response to preflight request doesn't pass access control check: No 'Access-Control-Allow-Origin' header is present on the requested resource. @ http://localhost:4300/app/dashboard:0
[    5033ms] [ERROR] Failed to load resource: net::ERR_FAILED @ http://localhost:5014/api/assistant/insights:0
[    5033ms] [ERROR] Access to XMLHttpRequest at 'http://localhost:5014/api/system/currencies' from origin 'http://localhost:4300' has been blocked by CORS policy: Response to preflight request doesn't pass access control check: No 'Access-Control-Allow-Origin' header is present on the requested resource. @ http://localhost:4300/app/dashboard:0
[    5034ms] [ERROR] Failed to load resource: net::ERR_FAILED @ http://localhost:5014/api/system/currencies:0
[    5034ms] [ERROR] Access to XMLHttpRequest at 'http://localhost:5014/api/assistant/insights' from origin 'http://localhost:4300' has been blocked by CORS policy: Response to preflight request doesn't pass access control check: No 'Access-Control-Allow-Origin' header is present on the requested resource. @ http://localhost:4300/app/dashboard:0
[    5034ms] [ERROR] Failed to load resource: net::ERR_FAILED @ http://localhost:5014/api/assistant/insights:0
[    5034ms] [ERROR] Access to XMLHttpRequest at 'http://localhost:5014/api/decisions/inbox?status=Pending' from origin 'http://localhost:4300' has been blocked by CORS policy: Response to preflight request doesn't pass access control check: No 'Access-Control-Allow-Origin' header is present on the requested resource. @ http://localhost:4300/app/dashboard:0
[    5034ms] [ERROR] Failed to load resource: net::ERR_FAILED @ http://localhost:5014/api/decisions/inbox?status=Pending:0
[    5034ms] [ERROR] Access to XMLHttpRequest at 'http://localhost:5014/api/dashboard/manager/pipeline-health' from origin 'http://localhost:4300' has been blocked by CORS policy: Response to preflight request doesn't pass access control check: No 'Access-Control-Allow-Origin' header is present on the requested resource. @ http://localhost:4300/app/dashboard:0
[    5034ms] [ERROR] Failed to load resource: net::ERR_FAILED @ http://localhost:5014/api/dashboard/manager/pipeline-health:0
[    5034ms] [ERROR] Access to XMLHttpRequest at 'http://localhost:5014/api/dashboard/layout/default' from origin 'http://localhost:4300' has been blocked by CORS policy: Response to preflight request doesn't pass access control check: No 'Access-Control-Allow-Origin' header is present on the requested resource. @ http://localhost:4300/app/dashboard:0
[    5034ms] [ERROR] Failed to load resource: net::ERR_FAILED @ http://localhost:5014/api/dashboard/layout/default:0
[    5044ms] [ERROR] Access to XMLHttpRequest at 'http://localhost:5014/api/dashboard/layout' from origin 'http://localhost:4300' has been blocked by CORS policy: Response to preflight request doesn't pass access control check: No 'Access-Control-Allow-Origin' header is present on the requested resource. @ http://localhost:4300/app/dashboard:0
[    5044ms] [ERROR] Failed to load resource: net::ERR_FAILED @ http://localhost:5014/api/dashboard/layout:0
[    5059ms] [ERROR] ERROR RuntimeError: NG02200: Cannot find a differ supporting object '[object Object]' of type 'object'. NgFor only supports binding to Iterables, such as Arrays. Did you mean to use the keyvalue pipe? Find more at https://v21.angular.dev/errors/NG02200
    at _NgForOf.ngDoCheck (http://localhost:4300/@fs/Users/yasserahmed/Desktop/Development%20Projects/CRM-Enterprise/client/.angular/cache/21.0.5/CRM-Enterprise/vite/deps/chunk-63Q6PJVV.js?v=45073e84:1935:19)
    at callHookInternal (http://localhost:4300/@fs/Users/yasserahmed/Desktop/Development%20Projects/CRM-Enterprise/client/.angular/cache/21.0.5/CRM-Enterprise/vite/deps/chunk-LTDICTSD.js?v=45073e84:841:10)
    at callHook (http://localhost:4300/@fs/Users/yasserahmed/Desktop/Development%20Projects/CRM-Enterprise/client/.angular/cache/21.0.5/CRM-Enterprise/vite/deps/chunk-LTDICTSD.js?v=45073e84:859:5)
    at callHooks (http://localhost:4300/@fs/Users/yasserahmed/Desktop/Development%20Projects/CRM-Enterprise/client/.angular/cache/21.0.5/CRM-Enterprise/vite/deps/chunk-LTDICTSD.js?v=45073e84:830:9)
    at executeInitAndCheckHooks (http://localhost:4300/@fs/Users/yasserahmed/Desktop/Development%20Projects/CRM-Enterprise/client/.angular/cache/21.0.5/CRM-Enterprise/vite/deps/chunk-LTDICTSD.js?v=45073e84:799:5)
    at selectIndexInternal (http://localhost:4300/@fs/Users/yasserahmed/Desktop/Development%20Projects/CRM-Enterprise/client/.angular/cache/21.0.5/CRM-Enterprise/vite/deps/chunk-LTDICTSD.js?v=45073e84:4176:9)
    at Module.ɵɵadvance (http://localhost:4300/@fs/Users/yasserahmed/Desktop/Development%20Projects/CRM-Enterprise/client/.angular/cache/21.0.5/CRM-Enterprise/vite/deps/chunk-LTDICTSD.js?v=45073e84:4162:3)
    at DashboardPage_article_82_ng_container_7_div_10_Template (http://localhost:4300/chunk-55B7XYHD.js:942:8)
    at executeTemplate (http://localhost:4300/@fs/Users/yasserahmed/Desktop/Development%20Projects/CRM-Enterprise/client/.angular/cache/21.0.5/CRM-Enterprise/vite/deps/chunk-LTDICTSD.js?v=45073e84:5058:5)
    at refreshView (http://localhost:4300/@fs/Users/yasserahmed/Desktop/Development%20Projects/CRM-Enterprise/client/.angular/cache/21.0.5/CRM-Enterprise/vite/deps/chunk-LTDICTSD.js?v=45073e84:5718:7) @ http://localhost:4300/@fs/Users/yasserahmed/Desktop/Development%20Projects/CRM-Enterprise/client/.angular/cache/21.0.5/CRM-Enterprise/vite/deps/chunk-MWBWQJOH.js?v=45073e84:3148
[  193729ms] [ERROR] Access to fetch at 'http://localhost:5014/api/hubs/presence/negotiate?negotiateVersion=1' from origin 'http://localhost:4300' has been blocked by CORS policy: Response to preflight request doesn't pass access control check: No 'Access-Control-Allow-Origin' header is present on the requested resource. @ http://localhost:4300/app/dashboard:0
[  193729ms] [ERROR] Failed to load resource: net::ERR_FAILED @ http://localhost:5014/api/hubs/presence/negotiate?negotiateVersion=1:0
[  193730ms] [ERROR] [2026-02-24T17:54:09.490Z] Error: Failed to complete negotiation with the server: TypeError: Failed to fetch @ http://localhost:4300/@fs/Users/yasserahmed/Desktop/Development%20Projects/CRM-Enterprise/client/.angular/cache/21.0.5/CRM-Enterprise/vite/deps/@microsoft_signalr.js?v=45073e84:293
[  193730ms] [ERROR] [2026-02-24T17:54:09.490Z] Error: Failed to start the connection: Error: Failed to complete negotiation with the server: TypeError: Failed to fetch @ http://localhost:4300/@fs/Users/yasserahmed/Desktop/Development%20Projects/CRM-Enterprise/client/.angular/cache/21.0.5/CRM-Enterprise/vite/deps/@microsoft_signalr.js?v=45073e84:293
[  193888ms] [ERROR] Access to XMLHttpRequest at 'http://localhost:5014/api/tenant-context' from origin 'http://localhost:4300' has been blocked by CORS policy: Response to preflight request doesn't pass access control check: No 'Access-Control-Allow-Origin' header is present on the requested resource. @ http://localhost:4300/app/dashboard:0
[  193888ms] [ERROR] Failed to load resource: net::ERR_FAILED @ http://localhost:5014/api/tenant-context:0
[  193888ms] [ERROR] Access to XMLHttpRequest at 'http://localhost:5014/api/assistant/insights' from origin 'http://localhost:4300' has been blocked by CORS policy: Response to preflight request doesn't pass access control check: No 'Access-Control-Allow-Origin' header is present on the requested resource. @ http://localhost:4300/app/dashboard:0
[  193888ms] [ERROR] Failed to load resource: net::ERR_FAILED @ http://localhost:5014/api/assistant/insights:0
[  193888ms] [ERROR] Access to XMLHttpRequest at 'http://localhost:5014/api/system/currencies' from origin 'http://localhost:4300' has been blocked by CORS policy: Response to preflight request doesn't pass access control check: No 'Access-Control-Allow-Origin' header is present on the requested resource. @ http://localhost:4300/app/dashboard:0
[  193888ms] [ERROR] Failed to load resource: net::ERR_FAILED @ http://localhost:5014/api/system/currencies:0
[  193888ms] [ERROR] Access to XMLHttpRequest at 'http://localhost:5014/api/assistant/insights' from origin 'http://localhost:4300' has been blocked by CORS policy: Response to preflight request doesn't pass access control check: No 'Access-Control-Allow-Origin' header is present on the requested resource. @ http://localhost:4300/app/dashboard:0
[  193888ms] [ERROR] Failed to load resource: net::ERR_FAILED @ http://localhost:5014/api/assistant/insights:0
[  193888ms] [ERROR] Access to XMLHttpRequest at 'http://localhost:5014/api/decisions/inbox?status=Pending' from origin 'http://localhost:4300' has been blocked by CORS policy: Response to preflight request doesn't pass access control check: No 'Access-Control-Allow-Origin' header is present on the requested resource. @ http://localhost:4300/app/dashboard:0
[  193888ms] [ERROR] Failed to load resource: net::ERR_FAILED @ http://localhost:5014/api/decisions/inbox?status=Pending:0
[  193888ms] [ERROR] Access to XMLHttpRequest at 'http://localhost:5014/api/dashboard/manager/pipeline-health' from origin 'http://localhost:4300' has been blocked by CORS policy: Response to preflight request doesn't pass access control check: No 'Access-Control-Allow-Origin' header is present on the requested resource. @ http://localhost:4300/app/dashboard:0
[  193888ms] [ERROR] Failed to load resource: net::ERR_FAILED @ http://localhost:5014/api/dashboard/manager/pipeline-health:0
[  193888ms] [ERROR] Access to XMLHttpRequest at 'http://localhost:5014/api/dashboard/layout/default' from origin 'http://localhost:4300' has been blocked by CORS policy: Response to preflight request doesn't pass access control check: No 'Access-Control-Allow-Origin' header is present on the requested resource. @ http://localhost:4300/app/dashboard:0
[  193889ms] [ERROR] Failed to load resource: net::ERR_FAILED @ http://localhost:5014/api/dashboard/layout/default:0
[  193903ms] [ERROR] Access to XMLHttpRequest at 'http://localhost:5014/api/dashboard/layout' from origin 'http://localhost:4300' has been blocked by CORS policy: Response to preflight request doesn't pass access control check: No 'Access-Control-Allow-Origin' header is present on the requested resource. @ http://localhost:4300/app/dashboard:0
[  193903ms] [ERROR] Failed to load resource: net::ERR_FAILED @ http://localhost:5014/api/dashboard/layout:0
[  193917ms] [ERROR] ERROR RuntimeError: NG02200: Cannot find a differ supporting object '[object Object]' of type 'object'. NgFor only supports binding to Iterables, such as Arrays. Did you mean to use the keyvalue pipe? Find more at https://v21.angular.dev/errors/NG02200
    at _NgForOf.ngDoCheck (http://localhost:4300/@fs/Users/yasserahmed/Desktop/Development%20Projects/CRM-Enterprise/client/.angular/cache/21.0.5/CRM-Enterprise/vite/deps/chunk-63Q6PJVV.js?v=45073e84:1935:19)
    at callHookInternal (http://localhost:4300/@fs/Users/yasserahmed/Desktop/Development%20Projects/CRM-Enterprise/client/.angular/cache/21.0.5/CRM-Enterprise/vite/deps/chunk-LTDICTSD.js?v=45073e84:841:10)
    at callHook (http://localhost:4300/@fs/Users/yasserahmed/Desktop/Development%20Projects/CRM-Enterprise/client/.angular/cache/21.0.5/CRM-Enterprise/vite/deps/chunk-LTDICTSD.js?v=45073e84:859:5)
    at callHooks (http://localhost:4300/@fs/Users/yasserahmed/Desktop/Development%20Projects/CRM-Enterprise/client/.angular/cache/21.0.5/CRM-Enterprise/vite/deps/chunk-LTDICTSD.js?v=45073e84:830:9)
    at executeInitAndCheckHooks (http://localhost:4300/@fs/Users/yasserahmed/Desktop/Development%20Projects/CRM-Enterprise/client/.angular/cache/21.0.5/CRM-Enterprise/vite/deps/chunk-LTDICTSD.js?v=45073e84:799:5)
    at selectIndexInternal (http://localhost:4300/@fs/Users/yasserahmed/Desktop/Development%20Projects/CRM-Enterprise/client/.angular/cache/21.0.5/CRM-Enterprise/vite/deps/chunk-LTDICTSD.js?v=45073e84:4176:9)
    at Module.ɵɵadvance (http://localhost:4300/@fs/Users/yasserahmed/Desktop/Development%20Projects/CRM-Enterprise/client/.angular/cache/21.0.5/CRM-Enterprise/vite/deps/chunk-LTDICTSD.js?v=45073e84:4162:3)
    at DashboardPage_article_82_ng_container_7_div_10_Template (http://localhost:4300/chunk-AJBUITI3.js:942:8)
    at executeTemplate (http://localhost:4300/@fs/Users/yasserahmed/Desktop/Development%20Projects/CRM-Enterprise/client/.angular/cache/21.0.5/CRM-Enterprise/vite/deps/chunk-LTDICTSD.js?v=45073e84:5058:5)
    at refreshView (http://localhost:4300/@fs/Users/yasserahmed/Desktop/Development%20Projects/CRM-Enterprise/client/.angular/cache/21.0.5/CRM-Enterprise/vite/deps/chunk-LTDICTSD.js?v=45073e84:5718:7) @ http://localhost:4300/@fs/Users/yasserahmed/Desktop/Development%20Projects/CRM-Enterprise/client/.angular/cache/21.0.5/CRM-Enterprise/vite/deps/chunk-MWBWQJOH.js?v=45073e84:3148
[  217465ms] [ERROR] Access to fetch at 'http://localhost:5014/api/hubs/presence/negotiate?negotiateVersion=1' from origin 'http://localhost:4300' has been blocked by CORS policy: Response to preflight request doesn't pass access control check: No 'Access-Control-Allow-Origin' header is present on the requested resource. @ http://localhost:4300/app/dashboard:0
[  217465ms] [ERROR] Failed to load resource: net::ERR_FAILED @ http://localhost:5014/api/hubs/presence/negotiate?negotiateVersion=1:0
[  217465ms] [ERROR] [2026-02-24T17:54:33.226Z] Error: Failed to complete negotiation with the server: TypeError: Failed to fetch @ http://localhost:4300/@fs/Users/yasserahmed/Desktop/Development%20Projects/CRM-Enterprise/client/.angular/cache/21.0.5/CRM-Enterprise/vite/deps/@microsoft_signalr.js?v=45073e84:293
[  217465ms] [ERROR] [2026-02-24T17:54:33.226Z] Error: Failed to start the connection: Error: Failed to complete negotiation with the server: TypeError: Failed to fetch @ http://localhost:4300/@fs/Users/yasserahmed/Desktop/Development%20Projects/CRM-Enterprise/client/.angular/cache/21.0.5/CRM-Enterprise/vite/deps/@microsoft_signalr.js?v=45073e84:293
[  217597ms] [ERROR] Access to XMLHttpRequest at 'http://localhost:5014/api/tenant-context' from origin 'http://localhost:4300' has been blocked by CORS policy: Response to preflight request doesn't pass access control check: No 'Access-Control-Allow-Origin' header is present on the requested resource. @ http://localhost:4300/app/dashboard:0
[  217597ms] [ERROR] Failed to load resource: net::ERR_FAILED @ http://localhost:5014/api/tenant-context:0
[  217597ms] [ERROR] Access to XMLHttpRequest at 'http://localhost:5014/api/assistant/insights' from origin 'http://localhost:4300' has been blocked by CORS policy: Response to preflight request doesn't pass access control check: No 'Access-Control-Allow-Origin' header is present on the requested resource. @ http://localhost:4300/app/dashboard:0
[  217598ms] [ERROR] Failed to load resource: net::ERR_FAILED @ http://localhost:5014/api/assistant/insights:0
[  217598ms] [ERROR] Access to XMLHttpRequest at 'http://localhost:5014/api/system/currencies' from origin 'http://localhost:4300' has been blocked by CORS policy: Response to preflight request doesn't pass access control check: No 'Access-Control-Allow-Origin' header is present on the requested resource. @ http://localhost:4300/app/dashboard:0
[  217598ms] [ERROR] Failed to load resource: net::ERR_FAILED @ http://localhost:5014/api/system/currencies:0
[  217598ms] [ERROR] Access to XMLHttpRequest at 'http://localhost:5014/api/decisions/inbox?status=Pending' from origin 'http://localhost:4300' has been blocked by CORS policy: Response to preflight request doesn't pass access control check: No 'Access-Control-Allow-Origin' header is present on the requested resource. @ http://localhost:4300/app/dashboard:0
[  217598ms] [ERROR] Failed to load resource: net::ERR_FAILED @ http://localhost:5014/api/decisions/inbox?status=Pending:0
[  217598ms] [ERROR] Access to XMLHttpRequest at 'http://localhost:5014/api/assistant/insights' from origin 'http://localhost:4300' has been blocked by CORS policy: Response to preflight request doesn't pass access control check: No 'Access-Control-Allow-Origin' header is present on the requested resource. @ http://localhost:4300/app/dashboard:0
[  217598ms] [ERROR] Failed to load resource: net::ERR_FAILED @ http://localhost:5014/api/assistant/insights:0
[  217598ms] [ERROR] Access to XMLHttpRequest at 'http://localhost:5014/api/dashboard/manager/pipeline-health' from origin 'http://localhost:4300' has been blocked by CORS policy: Response to preflight request doesn't pass access control check: No 'Access-Control-Allow-Origin' header is present on the requested resource. @ http://localhost:4300/app/dashboard:0
[  217598ms] [ERROR] Failed to load resource: net::ERR_FAILED @ http://localhost:5014/api/dashboard/manager/pipeline-health:0
[  217598ms] [ERROR] Access to XMLHttpRequest at 'http://localhost:5014/api/dashboard/layout/default' from origin 'http://localhost:4300' has been blocked by CORS policy: Response to preflight request doesn't pass access control check: No 'Access-Control-Allow-Origin' header is present on the requested resource. @ http://localhost:4300/app/dashboard:0
[  217598ms] [ERROR] Failed to load resource: net::ERR_FAILED @ http://localhost:5014/api/dashboard/layout/default:0
[  217611ms] [ERROR] Access to XMLHttpRequest at 'http://localhost:5014/api/dashboard/layout' from origin 'http://localhost:4300' has been blocked by CORS policy: Response to preflight request doesn't pass access control check: No 'Access-Control-Allow-Origin' header is present on the requested resource. @ http://localhost:4300/app/dashboard:0
[  217611ms] [ERROR] Failed to load resource: net::ERR_FAILED @ http://localhost:5014/api/dashboard/layout:0
[  217683ms] [ERROR] ERROR RuntimeError: NG02200: Cannot find a differ supporting object '[object Object]' of type 'object'. NgFor only supports binding to Iterables, such as Arrays. Did you mean to use the keyvalue pipe? Find more at https://v21.angular.dev/errors/NG02200
    at _NgForOf.ngDoCheck (http://localhost:4300/@fs/Users/yasserahmed/Desktop/Development%20Projects/CRM-Enterprise/client/.angular/cache/21.0.5/CRM-Enterprise/vite/deps/chunk-63Q6PJVV.js?v=45073e84:1935:19)
    at callHookInternal (http://localhost:4300/@fs/Users/yasserahmed/Desktop/Development%20Projects/CRM-Enterprise/client/.angular/cache/21.0.5/CRM-Enterprise/vite/deps/chunk-LTDICTSD.js?v=45073e84:841:10)
    at callHook (http://localhost:4300/@fs/Users/yasserahmed/Desktop/Development%20Projects/CRM-Enterprise/client/.angular/cache/21.0.5/CRM-Enterprise/vite/deps/chunk-LTDICTSD.js?v=45073e84:859:5)
    at callHooks (http://localhost:4300/@fs/Users/yasserahmed/Desktop/Development%20Projects/CRM-Enterprise/client/.angular/cache/21.0.5/CRM-Enterprise/vite/deps/chunk-LTDICTSD.js?v=45073e84:830:9)
    at executeInitAndCheckHooks (http://localhost:4300/@fs/Users/yasserahmed/Desktop/Development%20Projects/CRM-Enterprise/client/.angular/cache/21.0.5/CRM-Enterprise/vite/deps/chunk-LTDICTSD.js?v=45073e84:799:5)
    at selectIndexInternal (http://localhost:4300/@fs/Users/yasserahmed/Desktop/Development%20Projects/CRM-Enterprise/client/.angular/cache/21.0.5/CRM-Enterprise/vite/deps/chunk-LTDICTSD.js?v=45073e84:4176:9)
    at Module.ɵɵadvance (http://localhost:4300/@fs/Users/yasserahmed/Desktop/Development%20Projects/CRM-Enterprise/client/.angular/cache/21.0.5/CRM-Enterprise/vite/deps/chunk-LTDICTSD.js?v=45073e84:4162:3)
    at DashboardPage_article_82_ng_container_7_div_10_Template (http://localhost:4300/chunk-AJBUITI3.js:942:8)
    at executeTemplate (http://localhost:4300/@fs/Users/yasserahmed/Desktop/Development%20Projects/CRM-Enterprise/client/.angular/cache/21.0.5/CRM-Enterprise/vite/deps/chunk-LTDICTSD.js?v=45073e84:5058:5)
    at refreshView (http://localhost:4300/@fs/Users/yasserahmed/Desktop/Development%20Projects/CRM-Enterprise/client/.angular/cache/21.0.5/CRM-Enterprise/vite/deps/chunk-LTDICTSD.js?v=45073e84:5718:7) @ http://localhost:4300/@fs/Users/yasserahmed/Desktop/Development%20Projects/CRM-Enterprise/client/.angular/cache/21.0.5/CRM-Enterprise/vite/deps/chunk-MWBWQJOH.js?v=45073e84:3148
[ 1028603ms] [ERROR] Access to fetch at 'http://localhost:5014/api/hubs/presence/negotiate?negotiateVersion=1' from origin 'http://localhost:4300' has been blocked by CORS policy: Response to preflight request doesn't pass access control check: No 'Access-Control-Allow-Origin' header is present on the requested resource. @ http://localhost:4300/app/dashboard:0
[ 1028603ms] [ERROR] Failed to load resource: net::ERR_FAILED @ http://localhost:5014/api/hubs/presence/negotiate?negotiateVersion=1:0
[ 1028603ms] [ERROR] [2026-02-24T18:08:04.364Z] Error: Failed to complete negotiation with the server: TypeError: Failed to fetch @ http://localhost:4300/@fs/Users/yasserahmed/Desktop/Development%20Projects/CRM-Enterprise/client/.angular/cache/21.0.5/CRM-Enterprise/vite/deps/@microsoft_signalr.js?v=45073e84:293
[ 1028603ms] [ERROR] [2026-02-24T18:08:04.364Z] Error: Failed to start the connection: Error: Failed to complete negotiation with the server: TypeError: Failed to fetch @ http://localhost:4300/@fs/Users/yasserahmed/Desktop/Development%20Projects/CRM-Enterprise/client/.angular/cache/21.0.5/CRM-Enterprise/vite/deps/@microsoft_signalr.js?v=45073e84:293
[ 1028729ms] [ERROR] Access to XMLHttpRequest at 'http://localhost:5014/api/tenant-context' from origin 'http://localhost:4300' has been blocked by CORS policy: Response to preflight request doesn't pass access control check: No 'Access-Control-Allow-Origin' header is present on the requested resource. @ http://localhost:4300/app/dashboard:0
[ 1028730ms] [ERROR] Failed to load resource: net::ERR_FAILED @ http://localhost:5014/api/tenant-context:0
[ 1028730ms] [ERROR] Access to XMLHttpRequest at 'http://localhost:5014/api/assistant/insights' from origin 'http://localhost:4300' has been blocked by CORS policy: Response to preflight request doesn't pass access control check: No 'Access-Control-Allow-Origin' header is present on the requested resource. @ http://localhost:4300/app/dashboard:0
[ 1028730ms] [ERROR] Failed to load resource: net::ERR_FAILED @ http://localhost:5014/api/assistant/insights:0
[ 1028730ms] [ERROR] Access to XMLHttpRequest at 'http://localhost:5014/api/system/currencies' from origin 'http://localhost:4300' has been blocked by CORS policy: Response to preflight request doesn't pass access control check: No 'Access-Control-Allow-Origin' header is present on the requested resource. @ http://localhost:4300/app/dashboard:0
[ 1028730ms] [ERROR] Failed to load resource: net::ERR_FAILED @ http://localhost:5014/api/system/currencies:0
[ 1028730ms] [ERROR] Access to XMLHttpRequest at 'http://localhost:5014/api/assistant/insights' from origin 'http://localhost:4300' has been blocked by CORS policy: Response to preflight request doesn't pass access control check: No 'Access-Control-Allow-Origin' header is present on the requested resource. @ http://localhost:4300/app/dashboard:0
[ 1028730ms] [ERROR] Failed to load resource: net::ERR_FAILED @ http://localhost:5014/api/assistant/insights:0
[ 1028730ms] [ERROR] Access to XMLHttpRequest at 'http://localhost:5014/api/decisions/inbox?status=Pending' from origin 'http://localhost:4300' has been blocked by CORS policy: Response to preflight request doesn't pass access control check: No 'Access-Control-Allow-Origin' header is present on the requested resource. @ http://localhost:4300/app/dashboard:0
[ 1028730ms] [ERROR] Failed to load resource: net::ERR_FAILED @ http://localhost:5014/api/decisions/inbox?status=Pending:0
[ 1028730ms] [ERROR] Access to XMLHttpRequest at 'http://localhost:5014/api/dashboard/manager/pipeline-health' from origin 'http://localhost:4300' has been blocked by CORS policy: Response to preflight request doesn't pass access control check: No 'Access-Control-Allow-Origin' header is present on the requested resource. @ http://localhost:4300/app/dashboard:0
[ 1028730ms] [ERROR] Failed to load resource: net::ERR_FAILED @ http://localhost:5014/api/dashboard/manager/pipeline-health:0
[ 1028730ms] [ERROR] Access to XMLHttpRequest at 'http://localhost:5014/api/dashboard/layout/default' from origin 'http://localhost:4300' has been blocked by CORS policy: Response to preflight request doesn't pass access control check: No 'Access-Control-Allow-Origin' header is present on the requested resource. @ http://localhost:4300/app/dashboard:0
[ 1028730ms] [ERROR] Failed to load resource: net::ERR_FAILED @ http://localhost:5014/api/dashboard/layout/default:0
[ 1028741ms] [ERROR] Access to XMLHttpRequest at 'http://localhost:5014/api/dashboard/layout' from origin 'http://localhost:4300' has been blocked by CORS policy: Response to preflight request doesn't pass access control check: No 'Access-Control-Allow-Origin' header is present on the requested resource. @ http://localhost:4300/app/dashboard:0
[ 1028742ms] [ERROR] Failed to load resource: net::ERR_FAILED @ http://localhost:5014/api/dashboard/layout:0
[ 1028791ms] [ERROR] ERROR RuntimeError: NG02200: Cannot find a differ supporting object '[object Object]' of type 'object'. NgFor only supports binding to Iterables, such as Arrays. Did you mean to use the keyvalue pipe? Find more at https://v21.angular.dev/errors/NG02200
    at _NgForOf.ngDoCheck (http://localhost:4300/@fs/Users/yasserahmed/Desktop/Development%20Projects/CRM-Enterprise/client/.angular/cache/21.0.5/CRM-Enterprise/vite/deps/chunk-63Q6PJVV.js?v=45073e84:1935:19)
    at callHookInternal (http://localhost:4300/@fs/Users/yasserahmed/Desktop/Development%20Projects/CRM-Enterprise/client/.angular/cache/21.0.5/CRM-Enterprise/vite/deps/chunk-LTDICTSD.js?v=45073e84:841:10)
    at callHook (http://localhost:4300/@fs/Users/yasserahmed/Desktop/Development%20Projects/CRM-Enterprise/client/.angular/cache/21.0.5/CRM-Enterprise/vite/deps/chunk-LTDICTSD.js?v=45073e84:859:5)
    at callHooks (http://localhost:4300/@fs/Users/yasserahmed/Desktop/Development%20Projects/CRM-Enterprise/client/.angular/cache/21.0.5/CRM-Enterprise/vite/deps/chunk-LTDICTSD.js?v=45073e84:830:9)
    at executeInitAndCheckHooks (http://localhost:4300/@fs/Users/yasserahmed/Desktop/Development%20Projects/CRM-Enterprise/client/.angular/cache/21.0.5/CRM-Enterprise/vite/deps/chunk-LTDICTSD.js?v=45073e84:799:5)
    at selectIndexInternal (http://localhost:4300/@fs/Users/yasserahmed/Desktop/Development%20Projects/CRM-Enterprise/client/.angular/cache/21.0.5/CRM-Enterprise/vite/deps/chunk-LTDICTSD.js?v=45073e84:4176:9)
    at Module.ɵɵadvance (http://localhost:4300/@fs/Users/yasserahmed/Desktop/Development%20Projects/CRM-Enterprise/client/.angular/cache/21.0.5/CRM-Enterprise/vite/deps/chunk-LTDICTSD.js?v=45073e84:4162:3)
    at DashboardPage_article_82_ng_container_7_div_10_Template (http://localhost:4300/chunk-AJBUITI3.js:942:8)
    at executeTemplate (http://localhost:4300/@fs/Users/yasserahmed/Desktop/Development%20Projects/CRM-Enterprise/client/.angular/cache/21.0.5/CRM-Enterprise/vite/deps/chunk-LTDICTSD.js?v=45073e84:5058:5)
    at refreshView (http://localhost:4300/@fs/Users/yasserahmed/Desktop/Development%20Projects/CRM-Enterprise/client/.angular/cache/21.0.5/CRM-Enterprise/vite/deps/chunk-LTDICTSD.js?v=45073e84:5718:7) @ http://localhost:4300/@fs/Users/yasserahmed/Desktop/Development%20Projects/CRM-Enterprise/client/.angular/cache/21.0.5/CRM-Enterprise/vite/deps/chunk-MWBWQJOH.js?v=45073e84:3148
[ 1029581ms] [ERROR] Access to fetch at 'http://localhost:5014/api/hubs/presence/negotiate?negotiateVersion=1' from origin 'http://localhost:4300' has been blocked by CORS policy: Response to preflight request doesn't pass access control check: No 'Access-Control-Allow-Origin' header is present on the requested resource. @ http://localhost:4300/app/dashboard:0
[ 1029581ms] [ERROR] Failed to load resource: net::ERR_FAILED @ http://localhost:5014/api/hubs/presence/negotiate?negotiateVersion=1:0
[ 1029581ms] [ERROR] [2026-02-24T18:08:05.342Z] Error: Failed to complete negotiation with the server: TypeError: Failed to fetch @ http://localhost:4300/@fs/Users/yasserahmed/Desktop/Development%20Projects/CRM-Enterprise/client/.angular/cache/21.0.5/CRM-Enterprise/vite/deps/@microsoft_signalr.js?v=45073e84:293
[ 1029581ms] [ERROR] [2026-02-24T18:08:05.342Z] Error: Failed to start the connection: Error: Failed to complete negotiation with the server: TypeError: Failed to fetch @ http://localhost:4300/@fs/Users/yasserahmed/Desktop/Development%20Projects/CRM-Enterprise/client/.angular/cache/21.0.5/CRM-Enterprise/vite/deps/@microsoft_signalr.js?v=45073e84:293
[ 1029685ms] [ERROR] Access to XMLHttpRequest at 'http://localhost:5014/api/tenant-context' from origin 'http://localhost:4300' has been blocked by CORS policy: Response to preflight request doesn't pass access control check: No 'Access-Control-Allow-Origin' header is present on the requested resource. @ http://localhost:4300/app/dashboard:0
[ 1029685ms] [ERROR] Failed to load resource: net::ERR_FAILED @ http://localhost:5014/api/tenant-context:0
[ 1029685ms] [ERROR] Access to XMLHttpRequest at 'http://localhost:5014/api/assistant/insights' from origin 'http://localhost:4300' has been blocked by CORS policy: Response to preflight request doesn't pass access control check: No 'Access-Control-Allow-Origin' header is present on the requested resource. @ http://localhost:4300/app/dashboard:0
[ 1029685ms] [ERROR] Failed to load resource: net::ERR_FAILED @ http://localhost:5014/api/assistant/insights:0
[ 1029696ms] [ERROR] Access to XMLHttpRequest at 'http://localhost:5014/api/system/currencies' from origin 'http://localhost:4300' has been blocked by CORS policy: Response to preflight request doesn't pass access control check: No 'Access-Control-Allow-Origin' header is present on the requested resource. @ http://localhost:4300/app/dashboard:0
[ 1029696ms] [ERROR] Failed to load resource: net::ERR_FAILED @ http://localhost:5014/api/system/currencies:0
[ 1029696ms] [ERROR] Access to XMLHttpRequest at 'http://localhost:5014/api/assistant/insights' from origin 'http://localhost:4300' has been blocked by CORS policy: Response to preflight request doesn't pass access control check: No 'Access-Control-Allow-Origin' header is present on the requested resource. @ http://localhost:4300/app/dashboard:0
[ 1029696ms] [ERROR] Failed to load resource: net::ERR_FAILED @ http://localhost:5014/api/assistant/insights:0
[ 1029696ms] [ERROR] Access to XMLHttpRequest at 'http://localhost:5014/api/decisions/inbox?status=Pending' from origin 'http://localhost:4300' has been blocked by CORS policy: Response to preflight request doesn't pass access control check: No 'Access-Control-Allow-Origin' header is present on the requested resource. @ http://localhost:4300/app/dashboard:0
[ 1029696ms] [ERROR] Failed to load resource: net::ERR_FAILED @ http://localhost:5014/api/decisions/inbox?status=Pending:0
[ 1029696ms] [ERROR] Access to XMLHttpRequest at 'http://localhost:5014/api/dashboard/manager/pipeline-health' from origin 'http://localhost:4300' has been blocked by CORS policy: Response to preflight request doesn't pass access control check: No 'Access-Control-Allow-Origin' header is present on the requested resource. @ http://localhost:4300/app/dashboard:0
[ 1029696ms] [ERROR] Failed to load resource: net::ERR_FAILED @ http://localhost:5014/api/dashboard/manager/pipeline-health:0
[ 1029696ms] [ERROR] Access to XMLHttpRequest at 'http://localhost:5014/api/dashboard/layout/default' from origin 'http://localhost:4300' has been blocked by CORS policy: Response to preflight request doesn't pass access control check: No 'Access-Control-Allow-Origin' header is present on the requested resource. @ http://localhost:4300/app/dashboard:0
[ 1029696ms] [ERROR] Failed to load resource: net::ERR_FAILED @ http://localhost:5014/api/dashboard/layout/default:0
[ 1029707ms] [ERROR] Access to XMLHttpRequest at 'http://localhost:5014/api/dashboard/layout' from origin 'http://localhost:4300' has been blocked by CORS policy: Response to preflight request doesn't pass access control check: No 'Access-Control-Allow-Origin' header is present on the requested resource. @ http://localhost:4300/app/dashboard:0
[ 1029708ms] [ERROR] Failed to load resource: net::ERR_FAILED @ http://localhost:5014/api/dashboard/layout:0
[ 1029748ms] [ERROR] ERROR RuntimeError: NG02200: Cannot find a differ supporting object '[object Object]' of type 'object'. NgFor only supports binding to Iterables, such as Arrays. Did you mean to use the keyvalue pipe? Find more at https://v21.angular.dev/errors/NG02200
    at _NgForOf.ngDoCheck (http://localhost:4300/@fs/Users/yasserahmed/Desktop/Development%20Projects/CRM-Enterprise/client/.angular/cache/21.0.5/CRM-Enterprise/vite/deps/chunk-63Q6PJVV.js?v=45073e84:1935:19)
    at callHookInternal (http://localhost:4300/@fs/Users/yasserahmed/Desktop/Development%20Projects/CRM-Enterprise/client/.angular/cache/21.0.5/CRM-Enterprise/vite/deps/chunk-LTDICTSD.js?v=45073e84:841:10)
    at callHook (http://localhost:4300/@fs/Users/yasserahmed/Desktop/Development%20Projects/CRM-Enterprise/client/.angular/cache/21.0.5/CRM-Enterprise/vite/deps/chunk-LTDICTSD.js?v=45073e84:859:5)
    at callHooks (http://localhost:4300/@fs/Users/yasserahmed/Desktop/Development%20Projects/CRM-Enterprise/client/.angular/cache/21.0.5/CRM-Enterprise/vite/deps/chunk-LTDICTSD.js?v=45073e84:830:9)
    at executeInitAndCheckHooks (http://localhost:4300/@fs/Users/yasserahmed/Desktop/Development%20Projects/CRM-Enterprise/client/.angular/cache/21.0.5/CRM-Enterprise/vite/deps/chunk-LTDICTSD.js?v=45073e84:799:5)
    at selectIndexInternal (http://localhost:4300/@fs/Users/yasserahmed/Desktop/Development%20Projects/CRM-Enterprise/client/.angular/cache/21.0.5/CRM-Enterprise/vite/deps/chunk-LTDICTSD.js?v=45073e84:4176:9)
    at Module.ɵɵadvance (http://localhost:4300/@fs/Users/yasserahmed/Desktop/Development%20Projects/CRM-Enterprise/client/.angular/cache/21.0.5/CRM-Enterprise/vite/deps/chunk-LTDICTSD.js?v=45073e84:4162:3)
    at DashboardPage_article_82_ng_container_7_div_10_Template (http://localhost:4300/chunk-AJBUITI3.js:942:8)
    at executeTemplate (http://localhost:4300/@fs/Users/yasserahmed/Desktop/Development%20Projects/CRM-Enterprise/client/.angular/cache/21.0.5/CRM-Enterprise/vite/deps/chunk-LTDICTSD.js?v=45073e84:5058:5)
    at refreshView (http://localhost:4300/@fs/Users/yasserahmed/Desktop/Development%20Projects/CRM-Enterprise/client/.angular/cache/21.0.5/CRM-Enterprise/vite/deps/chunk-LTDICTSD.js?v=45073e84:5718:7) @ http://localhost:4300/@fs/Users/yasserahmed/Desktop/Development%20Projects/CRM-Enterprise/client/.angular/cache/21.0.5/CRM-Enterprise/vite/deps/chunk-MWBWQJOH.js?v=45073e84:3148
