[     245ms] [ERROR] [2026-03-02T04:01:44.637Z] Error: Failed to complete negotiation with the server: TypeError: Failed to fetch @ https://www.northedgesystem.com/chunk-KWECSUKU.js:0
[     245ms] [ERROR] [2026-03-02T04:01:44.638Z] Error: Failed to complete negotiation with the server: TypeError: Failed to fetch @ https://www.northedgesystem.com/chunk-KWECSUKU.js:0
[     246ms] [ERROR] [2026-03-02T04:01:44.638Z] Error: Failed to start the connection: Error: Failed to complete negotiation with the server: TypeError: Failed to fetch @ https://www.northedgesystem.com/chunk-KWECSUKU.js:0
[     246ms] [ERROR] [2026-03-02T04:01:44.638Z] Error: Failed to start the connection: Error: Failed to complete negotiation with the server: TypeError: Failed to fetch @ https://www.northedgesystem.com/chunk-KWECSUKU.js:0
[     246ms] [WARNING] [CrmEvents] SignalR connection failed: M: Failed to complete negotiation with the server: TypeError: Failed to fetch
    at ne._getNegotiationResponse (https://www.northedgesystem.com/chunk-KWECSUKU.js:1:44814)
    at async ne._startInternal (https://www.northedgesystem.com/chunk-KWECSUKU.js:1:42689)
    at async ne.start (https://www.northedgesystem.com/chunk-KWECSUKU.js:1:40569)
    at async r._startInternal (https://www.northedgesystem.com/chunk-KWECSUKU.js:1:11522)
    at async r._startWithStateTransitions (https://www.northedgesystem.com/chunk-KWECSUKU.js:1:10945) @ https://www.northedgesystem.com/chunk-AJ3XUSHB.js:0
[   80930ms] [ERROR] Access to fetch at 'https://crm-enterprise-api-dev-01122345.azurewebsites.net/api/hubs/crm-events/negotiate?negotiateVersion=1' from origin 'https://www.northedgesystem.com' has been blocked by CORS policy: Response to preflight request doesn't pass access control check: No 'Access-Control-Allow-Origin' header is present on the requested resource. @ https://www.northedgesystem.com/app/dashboard:0
[   80930ms] [ERROR] Failed to load resource: net::ERR_FAILED @ https://crm-enterprise-api-dev-01122345.azurewebsites.net/api/hubs/crm-events/negotiate?negotiateVersion=1:0
[   80930ms] [ERROR] [2026-03-02T04:03:05.323Z] Error: Failed to complete negotiation with the server: TypeError: Failed to fetch @ https://www.northedgesystem.com/chunk-KWECSUKU.js:0
[   80930ms] [ERROR] [2026-03-02T04:03:05.323Z] Error: Failed to start the connection: Error: Failed to complete negotiation with the server: TypeError: Failed to fetch @ https://www.northedgesystem.com/chunk-KWECSUKU.js:0
[   80930ms] [WARNING] [CrmEvents] SignalR connection failed: M: Failed to complete negotiation with the server: TypeError: Failed to fetch
    at ne._getNegotiationResponse (https://www.northedgesystem.com/chunk-KWECSUKU.js:1:44814)
    at async ne._startInternal (https://www.northedgesystem.com/chunk-KWECSUKU.js:1:42689)
    at async ne.start (https://www.northedgesystem.com/chunk-KWECSUKU.js:1:40569)
    at async r._startInternal (https://www.northedgesystem.com/chunk-KWECSUKU.js:1:11522)
    at async r._startWithStateTransitions (https://www.northedgesystem.com/chunk-KWECSUKU.js:1:10945) @ https://www.northedgesystem.com/chunk-AJ3XUSHB.js:0
[   80930ms] [ERROR] Access to fetch at 'https://crm-enterprise-api-dev-01122345.azurewebsites.net/api/hubs/presence/negotiate?negotiateVersion=1' from origin 'https://www.northedgesystem.com' has been blocked by CORS policy: Response to preflight request doesn't pass access control check: No 'Access-Control-Allow-Origin' header is present on the requested resource. @ https://www.northedgesystem.com/app/dashboard:0
[   80930ms] [ERROR] Failed to load resource: net::ERR_FAILED @ https://crm-enterprise-api-dev-01122345.azurewebsites.net/api/hubs/presence/negotiate?negotiateVersion=1:0
[   80930ms] [ERROR] [2026-03-02T04:03:05.323Z] Error: Failed to complete negotiation with the server: TypeError: Failed to fetch @ https://www.northedgesystem.com/chunk-KWECSUKU.js:0
[   80931ms] [ERROR] [2026-03-02T04:03:05.323Z] Error: Failed to start the connection: Error: Failed to complete negotiation with the server: TypeError: Failed to fetch @ https://www.northedgesystem.com/chunk-KWECSUKU.js:0
[   80931ms] [ERROR] Access to XMLHttpRequest at 'https://crm-enterprise-api-dev-01122345.azurewebsites.net/api/decisions/inbox?status=Pending' from origin 'https://www.northedgesystem.com' has been blocked by CORS policy: Response to preflight request doesn't pass access control check: No 'Access-Control-Allow-Origin' header is present on the requested resource. @ https://www.northedgesystem.com/app/dashboard:0
[   80931ms] [ERROR] Failed to load resource: net::ERR_FAILED @ https://crm-enterprise-api-dev-01122345.azurewebsites.net/api/decisions/inbox?status=Pending:0
[   80931ms] [ERROR] Access to XMLHttpRequest at 'https://crm-enterprise-api-dev-01122345.azurewebsites.net/api/tenant-context' from origin 'https://www.northedgesystem.com' has been blocked by CORS policy: Response to preflight request doesn't pass access control check: No 'Access-Control-Allow-Origin' header is present on the requested resource. @ https://www.northedgesystem.com/app/dashboard:0
[   80931ms] [ERROR] Failed to load resource: net::ERR_FAILED @ https://crm-enterprise-api-dev-01122345.azurewebsites.net/api/tenant-context:0
[   80931ms] [ERROR] Access to XMLHttpRequest at 'https://crm-enterprise-api-dev-01122345.azurewebsites.net/api/tenant-context' from origin 'https://www.northedgesystem.com' has been blocked by CORS policy: Response to preflight request doesn't pass access control check: No 'Access-Control-Allow-Origin' header is present on the requested resource. @ https://www.northedgesystem.com/app/dashboard:0
[   80931ms] [ERROR] Failed to load resource: net::ERR_FAILED @ https://crm-enterprise-api-dev-01122345.azurewebsites.net/api/tenant-context:0
[   80931ms] [ERROR] Access to XMLHttpRequest at 'https://crm-enterprise-api-dev-01122345.azurewebsites.net/api/workspace' from origin 'https://www.northedgesystem.com' has been blocked by CORS policy: Response to preflight request doesn't pass access control check: No 'Access-Control-Allow-Origin' header is present on the requested resource. @ https://www.northedgesystem.com/app/dashboard:0
[   80931ms] [ERROR] Failed to load resource: net::ERR_FAILED @ https://crm-enterprise-api-dev-01122345.azurewebsites.net/api/workspace:0
[   80931ms] [ERROR] Access to XMLHttpRequest at 'https://crm-enterprise-api-dev-01122345.azurewebsites.net/api/assistant/insights' from origin 'https://www.northedgesystem.com' has been blocked by CORS policy: Response to preflight request doesn't pass access control check: No 'Access-Control-Allow-Origin' header is present on the requested resource. @ https://www.northedgesystem.com/app/dashboard:0
[   80931ms] [ERROR] Failed to load resource: net::ERR_FAILED @ https://crm-enterprise-api-dev-01122345.azurewebsites.net/api/assistant/insights:0
[   80931ms] [ERROR] Access to XMLHttpRequest at 'https://crm-enterprise-api-dev-01122345.azurewebsites.net/api/system/currencies' from origin 'https://www.northedgesystem.com' has been blocked by CORS policy: Response to preflight request doesn't pass access control check: No 'Access-Control-Allow-Origin' header is present on the requested resource. @ https://www.northedgesystem.com/app/dashboard:0
[   80931ms] [ERROR] Failed to load resource: net::ERR_FAILED @ https://crm-enterprise-api-dev-01122345.azurewebsites.net/api/system/currencies:0
[   80931ms] [ERROR] Access to XMLHttpRequest at 'https://crm-enterprise-api-dev-01122345.azurewebsites.net/api/dashboard/summary' from origin 'https://www.northedgesystem.com' has been blocked by CORS policy: Response to preflight request doesn't pass access control check: No 'Access-Control-Allow-Origin' header is present on the requested resource. @ https://www.northedgesystem.com/app/dashboard:0
[   80932ms] [ERROR] Failed to load resource: net::ERR_FAILED @ https://crm-enterprise-api-dev-01122345.azurewebsites.net/api/dashboard/summary:0
[   80932ms] [ERROR] Access to XMLHttpRequest at 'https://crm-enterprise-api-dev-01122345.azurewebsites.net/api/dashboard/layout/default' from origin 'https://www.northedgesystem.com' has been blocked by CORS policy: Response to preflight request doesn't pass access control check: No 'Access-Control-Allow-Origin' header is present on the requested resource. @ https://www.northedgesystem.com/app/dashboard:0
[   80932ms] [ERROR] Failed to load resource: net::ERR_FAILED @ https://crm-enterprise-api-dev-01122345.azurewebsites.net/api/dashboard/layout/default:0
[   80932ms] [ERROR] Access to XMLHttpRequest at 'https://crm-enterprise-api-dev-01122345.azurewebsites.net/api/decisions/inbox?status=Pending' from origin 'https://www.northedgesystem.com' has been blocked by CORS policy: Response to preflight request doesn't pass access control check: No 'Access-Control-Allow-Origin' header is present on the requested resource. @ https://www.northedgesystem.com/app/dashboard:0
[   80932ms] [ERROR] Failed to load resource: net::ERR_FAILED @ https://crm-enterprise-api-dev-01122345.azurewebsites.net/api/decisions/inbox?status=Pending:0
[   80932ms] [ERROR] Access to XMLHttpRequest at 'https://crm-enterprise-api-dev-01122345.azurewebsites.net/api/opportunities/expansion-signals' from origin 'https://www.northedgesystem.com' has been blocked by CORS policy: Response to preflight request doesn't pass access control check: No 'Access-Control-Allow-Origin' header is present on the requested resource. @ https://www.northedgesystem.com/app/dashboard:0
[   80932ms] [ERROR] Failed to load resource: net::ERR_FAILED @ https://crm-enterprise-api-dev-01122345.azurewebsites.net/api/opportunities/expansion-signals:0
[   80932ms] [ERROR] Access to XMLHttpRequest at 'https://crm-enterprise-api-dev-01122345.azurewebsites.net/api/dashboard/manager/pipeline-health' from origin 'https://www.northedgesystem.com' has been blocked by CORS policy: Response to preflight request doesn't pass access control check: No 'Access-Control-Allow-Origin' header is present on the requested resource. @ https://www.northedgesystem.com/app/dashboard:0
[   80932ms] [ERROR] Failed to load resource: net::ERR_FAILED @ https://crm-enterprise-api-dev-01122345.azurewebsites.net/api/dashboard/manager/pipeline-health:0
[   80932ms] [ERROR] Access to XMLHttpRequest at 'https://crm-enterprise-api-dev-01122345.azurewebsites.net/api/assistant/insights' from origin 'https://www.northedgesystem.com' has been blocked by CORS policy: Response to preflight request doesn't pass access control check: No 'Access-Control-Allow-Origin' header is present on the requested resource. @ https://www.northedgesystem.com/app/dashboard:0
[   80932ms] [ERROR] Failed to load resource: net::ERR_FAILED @ https://crm-enterprise-api-dev-01122345.azurewebsites.net/api/assistant/insights:0
[   80959ms] go
[  321055ms] [ERROR] Access to XMLHttpRequest at 'https://crm-enterprise-api-dev-01122345.azurewebsites.net/api/dashboard/layout' from origin 'https://www.northedgesystem.com' has been blocked by CORS policy: Response to preflight request doesn't pass access control check: No 'Access-Control-Allow-Origin' header is present on the requested resource. @ https://www.northedgesystem.com/app/dashboard:0
[  321065ms] [ERROR] Failed to load resource: net::ERR_FAILED @ https://crm-enterprise-api-dev-01122345.azurewebsites.net/api/dashboard/layout:0
[  372258ms] [ERROR] Access to XMLHttpRequest at 'https://crm-enterprise-api-dev-01122345.azurewebsites.net/api/dashboard/layout' from origin 'https://www.northedgesystem.com' has been blocked by CORS policy: Response to preflight request doesn't pass access control check: No 'Access-Control-Allow-Origin' header is present on the requested resource. @ https://www.northedgesystem.com/app/dashboard:0
[  372259ms] [ERROR] Failed to load resource: net::ERR_FAILED @ https://crm-enterprise-api-dev-01122345.azurewebsites.net/api/dashboard/layout:0
[  372281ms] go
